<?xml version="1.0" encoding="UTF-8"?>
<testng-results ignored="0" total="5" passed="5" failed="0" skipped="0">
  <reporter-output>
  </reporter-output>
  <suite started-at="2023-09-20T10:13:56 IST" name="Suite" finished-at="2023-09-20T10:14:09 IST" duration-ms="13816">
    <groups>
    </groups>
    <test started-at="2023-09-20T10:13:56 IST" name="ChromeTest" finished-at="2023-09-20T10:14:09 IST" duration-ms="13816">
      <class name="org.atmecs.h3d.testscripts.LoginPage">
        <test-method is-config="true" signature="selectBrowser(java.lang.String)[pri:0, instance:org.atmecs.h3d.testscripts.LoginPage@4abf3f0]" started-at="2023-09-20T10:13:56 IST" name="selectBrowser" finished-at="2023-09-20T10:14:03 IST" duration-ms="7368" status="PASS">
          <params>
            <param index="0">
              <value>
                <![CDATA[chrome]]>
              </value>
            </param>
          </params>
          <reporter-output>
          </reporter-output>
        </test-method> <!-- selectBrowser -->
        <test-method signature="closeBrowser()[pri:0, instance:org.atmecs.h3d.testscripts.LoginPage@4abf3f0]" started-at="2023-09-20T10:14:03 IST" name="closeBrowser" finished-at="2023-09-20T10:14:03 IST" duration-ms="326" status="PASS">
          <reporter-output>
          </reporter-output>
        </test-method> <!-- closeBrowser -->
        <test-method signature="selectBrowser(java.lang.String)[pri:0, instance:org.atmecs.h3d.testscripts.LoginPage@4abf3f0]" started-at="2023-09-20T10:14:03 IST" name="selectBrowser" finished-at="2023-09-20T10:14:06 IST" duration-ms="2968" status="PASS">
          <params>
            <param index="0">
              <value>
                <![CDATA[chrome]]>
              </value>
            </param>
          </params>
          <reporter-output>
          </reporter-output>
        </test-method> <!-- selectBrowser -->
        <test-method signature="invalidCredentialsWithValidUsernameAndInvalidPassword()[pri:1, instance:org.atmecs.h3d.testscripts.LoginPage@4abf3f0]" started-at="2023-09-20T10:14:06 IST" name="invalidCredentialsWithValidUsernameAndInvalidPassword" description="This method is used to validate login functionality with invalid credentials" finished-at="2023-09-20T10:14:08 IST" duration-ms="1486" status="PASS">
          <reporter-output>
          </reporter-output>
        </test-method> <!-- invalidCredentialsWithValidUsernameAndInvalidPassword -->
        <test-method signature="invalidCredentialsWithInValidUsernameandValidPassword()[pri:2, instance:org.atmecs.h3d.testscripts.LoginPage@4abf3f0]" started-at="2023-09-20T10:14:08 IST" name="invalidCredentialsWithInValidUsernameandValidPassword" description="This method is used to validate login functionality with invalid credentials" finished-at="2023-09-20T10:14:09 IST" duration-ms="814" status="PASS">
          <reporter-output>
          </reporter-output>
        </test-method> <!-- invalidCredentialsWithInValidUsernameandValidPassword -->
        <test-method signature="validCredentials()[pri:3, instance:org.atmecs.h3d.testscripts.LoginPage@4abf3f0]" started-at="2023-09-20T10:14:09 IST" name="validCredentials" description="This method is used to validate login functionality with valid credentials" finished-at="2023-09-20T10:14:09 IST" duration-ms="486" status="PASS">
          <reporter-output>
          </reporter-output>
        </test-method> <!-- validCredentials -->
        <test-method is-config="true" signature="closeBrowser()[pri:0, instance:org.atmecs.h3d.testscripts.LoginPage@4abf3f0]" started-at="2023-09-20T10:14:09 IST" name="closeBrowser" finished-at="2023-09-20T10:14:09 IST" duration-ms="304" status="PASS">
          <reporter-output>
          </reporter-output>
        </test-method> <!-- closeBrowser -->
      </class> <!-- org.atmecs.h3d.testscripts.LoginPage -->
    </test> <!-- ChromeTest -->
  </suite> <!-- Suite -->
</testng-results>
