<?xml version="1.0" encoding="UTF-8"?>
<!-- Generated by org.testng.reporters.JUnitXMLReporter -->
<testsuite ignored="0" hostname="ATMECSCBELT-022" failures="0" tests="5" name="ChromeTest" time="13.816" errors="0" timestamp="2023-09-20T10:14:09 IST">
  <testcase classname="org.atmecs.h3d.reusables.HelperClass" name="closeBrowser" time="0.326"/>
  <testcase classname="org.atmecs.h3d.reusables.HelperClass" name="selectBrowser" time="2.968"/>
  <testcase classname="org.atmecs.h3d.testscripts.LoginPage" name="invalidCredentialsWithValidUsernameAndInvalidPassword" time="1.486"/>
  <testcase classname="org.atmecs.h3d.testscripts.LoginPage" name="invalidCredentialsWithInValidUsernameandValidPassword" time="0.814"/>
  <testcase classname="org.atmecs.h3d.testscripts.LoginPage" name="validCredentials" time="0.486"/>
</testsuite> <!-- ChromeTest -->
