<?xml version="1.0" encoding="UTF-8"?>
<!-- Generated by org.testng.reporters.JUnitXMLReporter -->
<testsuite ignored="0" hostname="ATMECSCBELT-022" failures="0" tests="4" name="ChromeTest" time="16.966" errors="0" timestamp="2023-09-06T13:23:10 IST">
  <testcase classname="org.atmecs.h3d.reusables.HelperClass" name="closeBrowser" time="0.0">
    <skipped/>
  </testcase> <!-- closeBrowser -->
  <testcase classname="org.atmecs.h3d.reusables.HelperClass" name="selectBrowser" time="0.0">
    <skipped/>
  </testcase> <!-- selectBrowser -->
  <testcase classname="org.atmecs.h3d.testscripts.LoginPage" name="validCredentials" time="0.0">
    <skipped/>
  </testcase> <!-- validCredentials -->
  <testcase classname="org.atmecs.h3d.testscripts.LoginPage" name="invalidcredentials" time="0.0">
    <skipped/>
  </testcase> <!-- invalidcredentials -->
</testsuite> <!-- ChromeTest -->
